\BOOKMARK [1][-]{section.1}{Introduction}{}% 1
\BOOKMARK [1][-]{section.2}{Basic theoretical model}{}% 2
\BOOKMARK [2][-]{subsection.2.1}{Classical rotating string with massive endpoints}{section.2}% 3
\BOOKMARK [2][-]{subsection.2.2}{The WKB aprroximation}{section.2}% 4
\BOOKMARK [1][-]{section.3}{Fitting models}{}% 5
\BOOKMARK [2][-]{subsection.3.1}{Rotating string model}{section.3}% 6
\BOOKMARK [2][-]{subsection.3.2}{WKB model}{section.3}% 7
\BOOKMARK [2][-]{subsection.3.3}{Fitting procedure}{section.3}% 8
\BOOKMARK [1][-]{section.4}{Fit results}{}% 9
\BOOKMARK [2][-]{subsection.4.1}{Trajectories in the \(J,M2\) plane}{section.4}% 10
\BOOKMARK [3][-]{subsubsection.4.1.1}{Light quark mesons}{subsection.4.1}% 11
\BOOKMARK [3][-]{subsubsection.4.1.2}{Strange and s-sbar mesons}{subsection.4.1}% 12
\BOOKMARK [3][-]{subsubsection.4.1.3}{Charmed and c-cbar mesons}{subsection.4.1}% 13
\BOOKMARK [3][-]{subsubsection.4.1.4}{b-bbar mesons}{subsection.4.1}% 14
\BOOKMARK [3][-]{subsubsection.4.1.5}{Universal fit}{subsection.4.1}% 15
\BOOKMARK [2][-]{subsection.4.2}{Trajectories in the \(n,M2\) plane}{section.4}% 16
\BOOKMARK [3][-]{subsubsection.4.2.1}{Light quark mesons}{subsection.4.2}% 17
\BOOKMARK [3][-]{subsubsection.4.2.2}{s-sbar mesons}{subsection.4.2}% 18
\BOOKMARK [3][-]{subsubsection.4.2.3}{c-cbar mesons}{subsection.4.2}% 19
\BOOKMARK [3][-]{subsubsection.4.2.4}{b-bbar mesons}{subsection.4.2}% 20
\BOOKMARK [2][-]{subsection.4.3}{WKB fits}{section.4}% 21
\BOOKMARK [2][-]{subsection.4.4}{Summary of results for the mesons}{section.4}% 22
\BOOKMARK [2][-]{subsection.4.5}{L vs. J and the values of the intercept}{section.4}% 23
\BOOKMARK [2][-]{subsection.4.6}{The length of the mesonic strings}{section.4}% 24
\BOOKMARK [1][-]{section.5}{Summary}{}% 25
\BOOKMARK [1][-]{appendix.A}{Individual trajectory fits}{}% 26
\BOOKMARK [2][-]{subsection.A.1}{The states used in the fits}{appendix.A}% 27
\BOOKMARK [3][-]{subsubsection.A.1.1}{The \(J,M2\) trajectories}{subsection.A.1}% 28
\BOOKMARK [3][-]{subsubsection.A.1.2}{The \(n,M2\) trajectories}{subsection.A.1}% 29
\BOOKMARK [2][-]{subsection.A.2}{Trajectories in the \(J,M2\) plane}{appendix.A}% 30
\BOOKMARK [3][-]{subsubsection.A.2.1}{Light quark mesons}{subsection.A.2}% 31
\BOOKMARK [3][-]{subsubsection.A.2.2}{Strange and s-sbar mesons}{subsection.A.2}% 32
\BOOKMARK [3][-]{subsubsection.A.2.3}{Charmed, Charmed/Strange, and c-cbar mesons}{subsection.A.2}% 33
\BOOKMARK [3][-]{subsubsection.A.2.4}{b-bbar mesons}{subsection.A.2}% 34
\BOOKMARK [2][-]{subsection.A.3}{Trajectories in the \(n,M2\) plane}{appendix.A}% 35
\BOOKMARK [3][-]{subsubsection.A.3.1}{Light quark mesons}{subsection.A.3}% 36
\BOOKMARK [3][-]{subsubsection.A.3.2}{s-sbar mesons}{subsection.A.3}% 37
\BOOKMARK [3][-]{subsubsection.A.3.3}{c-cbar mesons}{subsection.A.3}% 38
\BOOKMARK [3][-]{subsubsection.A.3.4}{b-bbar mesons}{subsection.A.3}% 39
\BOOKMARK [1][-]{appendix.B}{Universal fit: Calculated vs. measured masses}{}% 40
\BOOKMARK [1][-]{appendix.C}{Predictions for higher states}{}% 41
