This is pdfTeX, Version 3.1415926-2.5-1.40.14 (TeX Live 2013/Debian) (format=pdflatex 2015.4.21)  30 NOV 2015 16:00
entering extended mode
 restricted \write18 enabled.
 %&-line parsing enabled.
**"Spectrum - Revised.tex"
(./Spectrum - Revised.tex
LaTeX2e <2011/06/27>
Babel <3.9h> and hyphenation patterns for 4 languages loaded.
(/usr/share/texlive/texmf-dist/tex/latex/base/article.cls
Document Class: article 2007/10/19 v1.4h Standard LaTeX document class
(/usr/share/texlive/texmf-dist/tex/latex/base/size11.clo
File: size11.clo 2007/10/19 v1.4h Standard LaTeX file (size option)
)
\c@part=\count79
\c@section=\count80
\c@subsection=\count81
\c@subsubsection=\count82
\c@paragraph=\count83
\c@subparagraph=\count84
\c@figure=\count85
\c@table=\count86
\abovecaptionskip=\skip41
\belowcaptionskip=\skip42
\bibindent=\dimen102
) (./jheppub.sty
Package: jheppub 2013/03/21 r534

(/usr/share/texlive/texmf-dist/tex/latex/amsmath/amsmath.sty
Package: amsmath 2013/01/14 v2.14 AMS math features
\@mathmargin=\skip43

For additional information on amsmath, use the `?' option.
(/usr/share/texlive/texmf-dist/tex/latex/amsmath/amstext.sty
Package: amstext 2000/06/29 v2.01

(/usr/share/texlive/texmf-dist/tex/latex/amsmath/amsgen.sty
File: amsgen.sty 1999/11/30 v2.0
\@emptytoks=\toks14
\ex@=\dimen103
))
(/usr/share/texlive/texmf-dist/tex/latex/amsmath/amsbsy.sty
Package: amsbsy 1999/11/29 v1.2d
\pmbraise@=\dimen104
)
(/usr/share/texlive/texmf-dist/tex/latex/amsmath/amsopn.sty
Package: amsopn 1999/12/14 v2.01 operator names
)
\inf@bad=\count87
LaTeX Info: Redefining \frac on input line 210.
\uproot@=\count88
\leftroot@=\count89
LaTeX Info: Redefining \overline on input line 306.
\classnum@=\count90
\DOTSCASE@=\count91
LaTeX Info: Redefining \ldots on input line 378.
LaTeX Info: Redefining \dots on input line 381.
LaTeX Info: Redefining \cdots on input line 466.
\Mathstrutbox@=\box26
\strutbox@=\box27
\big@size=\dimen105
LaTeX Font Info:    Redeclaring font encoding OML on input line 566.
LaTeX Font Info:    Redeclaring font encoding OMS on input line 567.
\macc@depth=\count92
\c@MaxMatrixCols=\count93
\dotsspace@=\muskip10
\c@parentequation=\count94
\dspbrk@lvl=\count95
\tag@help=\toks15
\row@=\count96
\column@=\count97
\maxfields@=\count98
\andhelp@=\toks16
\eqnshift@=\dimen106
\alignsep@=\dimen107
\tagshift@=\dimen108
\tagwidth@=\dimen109
\totwidth@=\dimen110
\lineht@=\dimen111
\@envbody=\toks17
\multlinegap=\skip44
\multlinetaggap=\skip45
\mathdisplay@stack=\toks18
LaTeX Info: Redefining \[ on input line 2665.
LaTeX Info: Redefining \] on input line 2666.
)
(/usr/share/texlive/texmf-dist/tex/latex/amsfonts/amssymb.sty
Package: amssymb 2013/01/14 v3.01 AMS font symbols

(/usr/share/texlive/texmf-dist/tex/latex/amsfonts/amsfonts.sty
Package: amsfonts 2013/01/14 v3.01 Basic AMSFonts support
\symAMSa=\mathgroup4
\symAMSb=\mathgroup5
LaTeX Font Info:    Overwriting math alphabet `\mathfrak' in version `bold'
(Font)                  U/euf/m/n --> U/euf/b/n on input line 106.
))
(/usr/share/texlive/texmf-dist/tex/latex/graphics/epsfig.sty
Package: epsfig 1999/02/16 v1.7a (e)psfig emulation (SPQR)

(/usr/share/texlive/texmf-dist/tex/latex/graphics/graphicx.sty
Package: graphicx 1999/02/16 v1.0f Enhanced LaTeX Graphics (DPC,SPQR)

(/usr/share/texlive/texmf-dist/tex/latex/graphics/keyval.sty
Package: keyval 1999/03/16 v1.13 key=value parser (DPC)
\KV@toks@=\toks19
)
(/usr/share/texlive/texmf-dist/tex/latex/graphics/graphics.sty
Package: graphics 2009/02/05 v1.0o Standard LaTeX Graphics (DPC,SPQR)

(/usr/share/texlive/texmf-dist/tex/latex/graphics/trig.sty
Package: trig 1999/03/16 v1.09 sin cos tan (DPC)
)
(/usr/share/texlive/texmf-dist/tex/latex/latexconfig/graphics.cfg
File: graphics.cfg 2010/04/23 v1.9 graphics configuration of TeX Live
)
Package graphics Info: Driver file: pdftex.def on input line 91.

(/usr/share/texlive/texmf-dist/tex/latex/pdftex-def/pdftex.def
File: pdftex.def 2011/05/27 v0.06d Graphics/color for pdfTeX

(/usr/share/texlive/texmf-dist/tex/generic/oberdiek/infwarerr.sty
Package: infwarerr 2010/04/08 v1.3 Providing info/warning/error messages (HO)
)
(/usr/share/texlive/texmf-dist/tex/generic/oberdiek/ltxcmds.sty
Package: ltxcmds 2011/11/09 v1.22 LaTeX kernel commands for general use (HO)
)
\Gread@gobject=\count99
))
\Gin@req@height=\dimen112
\Gin@req@width=\dimen113
)
\epsfxsize=\dimen114
\epsfysize=\dimen115
)
(/usr/share/texlive/texmf-dist/tex/latex/natbib/natbib.sty
Package: natbib 2010/09/13 8.31b (PWD, AO)
\bibhang=\skip46
\bibsep=\skip47
LaTeX Info: Redefining \cite on input line 694.
\c@NAT@ctr=\count100
)
(/usr/share/texlive/texmf-dist/tex/latex/graphics/color.sty
Package: color 2005/11/14 v1.0j Standard LaTeX Color (DPC)

(/usr/share/texlive/texmf-dist/tex/latex/latexconfig/color.cfg
File: color.cfg 2007/01/18 v1.5 color configuration of teTeX/TeXLive
)
Package color Info: Driver file: pdftex.def on input line 130.
)
(/usr/share/texlive/texmf-dist/tex/latex/hyperref/hyperref.sty
Package: hyperref 2012/11/06 v6.83m Hypertext links for LaTeX

(/usr/share/texlive/texmf-dist/tex/generic/oberdiek/hobsub-hyperref.sty
Package: hobsub-hyperref 2012/05/28 v1.13 Bundle oberdiek, subset hyperref (HO)


(/usr/share/texlive/texmf-dist/tex/generic/oberdiek/hobsub-generic.sty
Package: hobsub-generic 2012/05/28 v1.13 Bundle oberdiek, subset generic (HO)
Package: hobsub 2012/05/28 v1.13 Construct package bundles (HO)
Package hobsub Info: Skipping package `infwarerr' (already loaded).
Package hobsub Info: Skipping package `ltxcmds' (already loaded).
Package: ifluatex 2010/03/01 v1.3 Provides the ifluatex switch (HO)
Package ifluatex Info: LuaTeX not detected.
Package: ifvtex 2010/03/01 v1.5 Detect VTeX and its facilities (HO)
Package ifvtex Info: VTeX not detected.
Package: intcalc 2007/09/27 v1.1 Expandable calculations with integers (HO)
Package: ifpdf 2011/01/30 v2.3 Provides the ifpdf switch (HO)
Package ifpdf Info: pdfTeX in PDF mode is detected.
Package: etexcmds 2011/02/16 v1.5 Avoid name clashes with e-TeX commands (HO)
Package etexcmds Info: Could not find \expanded.
(etexcmds)             That can mean that you are not using pdfTeX 1.50 or
(etexcmds)             that some package has redefined \expanded.
(etexcmds)             In the latter case, load this package earlier.
Package: kvsetkeys 2012/04/25 v1.16 Key value parser (HO)
Package: kvdefinekeys 2011/04/07 v1.3 Define keys (HO)
Package: pdftexcmds 2011/11/29 v0.20 Utility functions of pdfTeX for LuaTeX (HO
)
Package pdftexcmds Info: LuaTeX not detected.
Package pdftexcmds Info: \pdf@primitive is available.
Package pdftexcmds Info: \pdf@ifprimitive is available.
Package pdftexcmds Info: \pdfdraftmode found.
Package: pdfescape 2011/11/25 v1.13 Implements pdfTeX's escape features (HO)
Package: bigintcalc 2012/04/08 v1.3 Expandable calculations on big integers (HO
)
Package: bitset 2011/01/30 v1.1 Handle bit-vector datatype (HO)
Package: uniquecounter 2011/01/30 v1.2 Provide unlimited unique counter (HO)
)
Package hobsub Info: Skipping package `hobsub' (already loaded).
Package: letltxmacro 2010/09/02 v1.4 Let assignment for LaTeX macros (HO)
Package: hopatch 2012/05/28 v1.2 Wrapper for package hooks (HO)
Package: xcolor-patch 2011/01/30 xcolor patch
Package: atveryend 2011/06/30 v1.8 Hooks at the very end of document (HO)
Package atveryend Info: \enddocument detected (standard20110627).
Package: atbegshi 2011/10/05 v1.16 At begin shipout hook (HO)
Package: refcount 2011/10/16 v3.4 Data extraction from label references (HO)
Package: hycolor 2011/01/30 v1.7 Color options for hyperref/bookmark (HO)
)
(/usr/share/texlive/texmf-dist/tex/generic/ifxetex/ifxetex.sty
Package: ifxetex 2010/09/12 v0.6 Provides ifxetex conditional
)
(/usr/share/texlive/texmf-dist/tex/latex/oberdiek/auxhook.sty
Package: auxhook 2011/03/04 v1.3 Hooks for auxiliary files (HO)
)
(/usr/share/texlive/texmf-dist/tex/latex/oberdiek/kvoptions.sty
Package: kvoptions 2011/06/30 v3.11 Key value format for package options (HO)
)
\@linkdim=\dimen116
\Hy@linkcounter=\count101
\Hy@pagecounter=\count102

(/usr/share/texlive/texmf-dist/tex/latex/hyperref/pd1enc.def
File: pd1enc.def 2012/11/06 v6.83m Hyperref: PDFDocEncoding definition (HO)
)
\Hy@SavedSpaceFactor=\count103

(/usr/share/texlive/texmf-dist/tex/latex/latexconfig/hyperref.cfg
File: hyperref.cfg 2002/06/06 v1.2 hyperref configuration of TeXLive
)
Package hyperref Info: Option `colorlinks' set `true' on input line 4319.


Package hyperref Warning: Option `pagecolor' is not available anymore.

Package hyperref Info: Option `linktocpage' set `true' on input line 4319.
Package hyperref Info: Option `pdfa' set `true' on input line 4319.
Package hyperref Info: Hyper figures OFF on input line 4443.
Package hyperref Info: Link nesting OFF on input line 4448.
Package hyperref Info: Hyper index ON on input line 4451.
Package hyperref Info: Plain pages OFF on input line 4458.
Package hyperref Info: Backreferencing OFF on input line 4463.
Package hyperref Info: Implicit mode ON; LaTeX internals redefined.
Package hyperref Info: Bookmarks ON on input line 4688.
\c@Hy@tempcnt=\count104
(/usr/share/texlive/texmf-dist/tex/latex/url/url.sty
\Urlmuskip=\muskip11
Package: url 2013/09/16  ver 3.4  Verb mode for urls, etc.
)
LaTeX Info: Redefining \url on input line 5041.
\XeTeXLinkMargin=\dimen117
\Fld@menulength=\count105
\Field@Width=\dimen118
\Fld@charsize=\dimen119
Package hyperref Info: Hyper figures OFF on input line 6295.
Package hyperref Info: Link nesting OFF on input line 6300.
Package hyperref Info: Hyper index ON on input line 6303.
Package hyperref Info: backreferencing OFF on input line 6310.
Package hyperref Info: Link coloring ON on input line 6313.
Package hyperref Info: Link coloring with OCG OFF on input line 6320.
Package hyperref Info: PDF/A mode ON on input line 6323.
LaTeX Info: Redefining \ref on input line 6365.
LaTeX Info: Redefining \pageref on input line 6369.
\Hy@abspage=\count106
\c@Item=\count107
\c@Hfootnote=\count108
)

Package hyperref Message: Driver (autodetected): hpdftex.

(/usr/share/texlive/texmf-dist/tex/latex/hyperref/hpdftex.def
File: hpdftex.def 2012/11/06 v6.83m Hyperref driver for pdfTeX
Package hyperref Info: \pdfminorversion:=4 on input line 215.
\Fld@listcount=\count109
\c@bookmark@seq@number=\count110

(/usr/share/texlive/texmf-dist/tex/latex/oberdiek/rerunfilecheck.sty
Package: rerunfilecheck 2011/04/15 v1.7 Rerun checks for auxiliary files (HO)
Package uniquecounter Info: New unique counter `rerunfilecheck' on input line 2
82.
)
\Hy@SectionHShift=\skip48
)
\auth@toks=\toks20
\affil@toks=\toks21
\email@toks=\toks22
\c@email@counter=\count111
\affiliationsSep=\skip49
LaTeX Font Info:    Try loading font information for OT1+phv on input line 162.


(/usr/share/texlive/texmf-dist/tex/latex/psnfss/ot1phv.fd
File: ot1phv.fd 2001/06/04 scalable font definitions for OT1/phv.
))

LaTeX Warning: Unused global option(s):
    [a4].

No file "Spectrum - Revised".aux.
\openout1 = `"Spectrum - Revised.aux"'.

LaTeX Font Info:    Checking defaults for OML/cmm/m/it on input line 52.
LaTeX Font Info:    ... okay on input line 52.
LaTeX Font Info:    Checking defaults for T1/cmr/m/n on input line 52.
LaTeX Font Info:    ... okay on input line 52.
LaTeX Font Info:    Checking defaults for OT1/cmr/m/n on input line 52.
LaTeX Font Info:    ... okay on input line 52.
LaTeX Font Info:    Checking defaults for OMS/cmsy/m/n on input line 52.
LaTeX Font Info:    ... okay on input line 52.
LaTeX Font Info:    Checking defaults for OMX/cmex/m/n on input line 52.
LaTeX Font Info:    ... okay on input line 52.
LaTeX Font Info:    Checking defaults for U/cmr/m/n on input line 52.
LaTeX Font Info:    ... okay on input line 52.
LaTeX Font Info:    Checking defaults for PD1/pdf/m/n on input line 52.
LaTeX Font Info:    ... okay on input line 52.
(/usr/share/texlive/texmf-dist/tex/context/base/supp-pdf.mkii
[Loading MPS to PDF converter (version 2006.09.02).]
\scratchcounter=\count112
\scratchdimen=\dimen120
\scratchbox=\box28
\nofMPsegments=\count113
\nofMParguments=\count114
\everyMPshowfont=\toks23
\MPscratchCnt=\count115
\MPscratchDim=\dimen121
\MPnumerator=\count116
\makeMPintoPDFobject=\count117
\everyMPtoPDFconversion=\toks24
) (/usr/share/texlive/texmf-dist/tex/latex/oberdiek/epstopdf-base.sty
Package: epstopdf-base 2010/02/09 v2.5 Base part for package epstopdf

(/usr/share/texlive/texmf-dist/tex/latex/oberdiek/grfext.sty
Package: grfext 2010/08/19 v1.1 Manage graphics extensions (HO)
)
Package grfext Info: Graphics extension search list:
(grfext)             [.png,.pdf,.jpg,.mps,.jpeg,.jbig2,.jb2,.PNG,.PDF,.JPG,.JPE
G,.JBIG2,.JB2,.eps]
(grfext)             \AppendGraphicsExtensions on input line 452.

(/usr/share/texlive/texmf-dist/tex/latex/latexconfig/epstopdf-sys.cfg
File: epstopdf-sys.cfg 2010/07/13 v1.3 Configuration of (r)epstopdf for TeX Liv
e
))
\AtBeginShipoutBox=\box29
Package hyperref Info: Link coloring ON on input line 52.

(/usr/share/texlive/texmf-dist/tex/latex/hyperref/nameref.sty
Package: nameref 2012/10/27 v2.43 Cross-referencing by name of section

(/usr/share/texlive/texmf-dist/tex/generic/oberdiek/gettitlestring.sty
Package: gettitlestring 2010/12/03 v1.4 Cleanup title references (HO)
)
\c@section@level=\count118
)
LaTeX Info: Redefining \ref on input line 52.
LaTeX Info: Redefining \pageref on input line 52.
LaTeX Info: Redefining \nameref on input line 52.
\@outlinefile=\write3
\openout3 = `"Spectrum - Revised.out"'.

LaTeX Font Info:    Try loading font information for U+msa on input line 54.

(/usr/share/texlive/texmf-dist/tex/latex/amsfonts/umsa.fd
File: umsa.fd 2013/01/14 v3.01 AMS symbols A
)
LaTeX Font Info:    Try loading font information for U+msb on input line 54.

(/usr/share/texlive/texmf-dist/tex/latex/amsfonts/umsb.fd
File: umsb.fd 2013/01/14 v3.01 AMS symbols B
) [0

{/var/lib/texmf/fonts/map/pdftex/updmap/pdftex.map}]
\tf@toc=\write4
\openout4 = `"Spectrum - Revised.toc"'.



Package natbib Warning: Citation `Collins:book' on page 1 undefined on input li
ne 59.


Package natbib Warning: Citation `Witten:1998zw' on page 1 undefined on input l
ine 68.


Package natbib Warning: Citation `Kuperstein:2004yf' on page 1 undefined on inp
ut line 68.


Package natbib Warning: Citation `SakSug' on page 1 undefined on input line 68.



Package natbib Warning: Citation `SakSug' on page 1 undefined on input line 71.



Package natbib Warning: Citation `Casero:2005se' on page 1 undefined on input l
ine 71.


Package natbib Warning: Citation `oai:arXiv.org:0806.0152' on page 1 undefined 
on input line 71.


Package natbib Warning: Citation `Peeters:2006iu' on page 1 undefined on input 
line 74.


Package natbib Warning: Citation `oai:arXiv.org:hep-ph/0602229' on page 1 undef
ined on input line 74.

[1]

Package natbib Warning: Citation `Imoto:2010ef' on page 2 undefined on input li
ne 77.


Package natbib Warning: Citation `oai:arXiv.org:hep-th/0311190' on page 2 undef
ined on input line 77.


LaTeX Warning: File `holstring.pdf' not found on input line 80.


! Package pdftex.def Error: File `holstring.pdf' not found.

See the pdftex.def package documentation for explanation.
Type  H <return>  for immediate help.
 ...                                              
                                                  
l.80 ...width, trim = 10 80 20 200]{holstring.pdf}
                                                  
Using draft setting for this image.
Try typing  <return>  to proceed.
If that doesn't work, type  X <return>  to quit.


LaTeX Warning: Reference `fig:mapholflat' on page 2 undefined on input line 84.



Package natbib Warning: Citation `Kruczenski:2004me' on page 2 undefined on inp
ut line 87.


Package natbib Warning: Citation `Kruczenski:2004me' on page 2 undefined on inp
ut line 87.


Package natbib Warning: Citation `cobitalks' on page 2 undefined on input line 
87.


Package natbib Warning: Citation `Kruczenski:2004me' on page 2 undefined on inp
ut line 90.


Package natbib Warning: Citation `Peeters:2005fq' on page 2 undefined on input 
line 97.


Package natbib Warning: Citation `oai:arXiv.org:hep-th/9911123' on page 2 undef
ined on input line 100.

[2]

Package natbib Warning: Citation `Hellerman:2013kba' on page 3 undefined on inp
ut line 113.


Package natbib Warning: Citation `Chodos:1973gt' on page 3 undefined on input l
ine 113.


Package natbib Warning: Citation `Baker:2002km' on page 3 undefined on input li
ne 113.


Package natbib Warning: Citation `Zahn:2013yma' on page 3 undefined on input li
ne 113.


Package natbib Warning: Citation `Schreiber:2004ie' on page 3 undefined on inpu
t line 116.

LaTeX Font Info:    Try loading font information for OMS+cmr on input line 122.

(/usr/share/texlive/texmf-dist/tex/latex/base/omscmr.fd
File: omscmr.fd 1999/05/25 v2.5h Standard LaTeX font definitions
)
LaTeX Font Info:    Font shape `OMS/cmr/m/n' in size <10.95> not available
(Font)              Font shape `OMS/cmsy/m/n' tried instead on input line 122.
 [3] [4]

LaTeX Warning: Reference `eq:bulk' on page 5 undefined on input line 163.


LaTeX Warning: Reference `eq:boundary' on page 5 undefined on input line 163.


LaTeX Warning: Reference `eq:boundaryRot' on page 5 undefined on input line 174
.

[5]

Package natbib Warning: Citation `Schreiber:2004ie' on page 6 undefined on inpu
t line 191.

[6]

Package natbib Warning: Citation `Arvis:1983fp' on page 7 undefined on input li
ne 205.

[7]

LaTeX Warning: Reference `eq:highMass' on page 8 undefined on input line 218.


LaTeX Warning: Reference `eq:lowMass' on page 8 undefined on input line 223.


Overfull \hbox (7.82497pt too wide) in paragraph at lines 222--224
\OT1/cmr/m/n/10.95 The lead-ing or-der term now be-ing pro-por-tional to $\OML/
cmm/m/it/10.95 [] m[] []\OT1/cmr/m/n/10.95 (\OML/cmm/m/it/10.95 m=E\OT1/cmr/m/
n/10.95 )$, as op-posed to the $\OML/cmm/m/it/10.95 [] m[]E[]$
 []


LaTeX Warning: Reference `eq:massiveE' on page 8 undefined on input line 231.


LaTeX Warning: Reference `eq:massiveJ' on page 8 undefined on input line 231.


LaTeX Warning: Reference `eq:boundaryRot' on page 8 undefined on input line 235
.


LaTeX Warning: Reference `eq:linear' on page 8 undefined on input line 239.

[8]

LaTeX Warning: Reference `eq:fitWKB' on page 9 undefined on input line 248.


LaTeX Warning: Reference `eq:chi_def' on page 9 undefined on input line 255.


LaTeX Warning: Reference `eq:chi_def' on page 9 undefined on input line 255.

[9]

LaTeX Warning: Reference `app:individual' on page 10 undefined on input line 26
1.


LaTeX Warning: File `chi_3d_rho.png' not found on input line 269.


! Package pdftex.def Error: File `chi_3d_rho.png' not found.

See the pdftex.def package documentation for explanation.
Type  H <return>  for immediate help.
 ...                                              
                                                  
l.269 ...0bp, width=.40\textwidth]{chi_3d_rho.png}
                                                  
Using draft setting for this image.
Try typing  <return>  to proceed.
If that doesn't work, type  X <return>  to quit.


LaTeX Warning: File `chi_3d_light_scale.png' not found on input line 270.


! Package pdftex.def Error: File `chi_3d_light_scale.png' not found.

See the pdftex.def package documentation for explanation.
Type  H <return>  for immediate help.
 ...                                              
                                                  
l.270 ...th=.13\textwidth]{chi_3d_light_scale.png}
                                                  
Using draft setting for this image.
Try typing  <return>  to proceed.
If that doesn't work, type  X <return>  to quit.


LaTeX Warning: File `chi_3d_omega.png' not found on input line 271.


! Package pdftex.def Error: File `chi_3d_omega.png' not found.

See the pdftex.def package documentation for explanation.
Type  H <return>  for immediate help.
 ...                                              
                                                  
l.271 ...p, width=.40\textwidth]{chi_3d_omega.png}
                                                  
Using draft setting for this image.
Try typing  <return>  to proceed.
If that doesn't work, type  X <return>  to quit.


LaTeX Warning: Reference `fig:chi_3d_light' on page 10 undefined on input line 
279.

[10]

LaTeX Warning: Reference `fig:chi_3d_light' on page 11 undefined on input line 
281.


LaTeX Warning: File `chi_3d_k.png' not found on input line 286.


! Package pdftex.def Error: File `chi_3d_k.png' not found.

See the pdftex.def package documentation for explanation.
Type  H <return>  for immediate help.
 ...                                              
                                                  
l.286 ...900bp, width=.48\textwidth]{chi_3d_k.png}
                                                  	 \hfill
Using draft setting for this image.
Try typing  <return>  to proceed.
If that doesn't work, type  X <return>  to quit.


LaTeX Warning: File `chi_3d_phi.png' not found on input line 287.


! Package pdftex.def Error: File `chi_3d_phi.png' not found.

See the pdftex.def package documentation for explanation.
Type  H <return>  for immediate help.
 ...                                              
                                                  
l.287 ...bp, width=..48\textwidth]{chi_3d_phi.png}
                                                  
Using draft setting for this image.
Try typing  <return>  to proceed.
If that doesn't work, type  X <return>  to quit.

! Illegal unit of measure (pt inserted).
<to be read again> 
                   .
l.287 ...bp, width=..48\textwidth]{chi_3d_phi.png}
                                                  
Dimensions can be in units of em, ex, in, pt, pc,
cm, mm, dd, cc, nd, nc, bp, or sp; but yours is a new one!
I'll assume that you meant to say pt, for printer's points.
To recover gracefully from this error, it's best to
delete the erroneous units; e.g., type `2' to delete
two letters. (See Chapter 27 of The TeXbook.)

! Missing number, treated as zero.
<to be read again> 
                   \relax 
l.287 ...bp, width=..48\textwidth]{chi_3d_phi.png}
                                                  
A number should have been here; I inserted `0'.
(If you can't figure out why I needed to see a number,
look up `weird error' in the index to The TeXbook.)

! Illegal unit of measure (pt inserted).
<to be read again> 
                   \relax 
l.287 ...bp, width=..48\textwidth]{chi_3d_phi.png}
                                                  
Dimensions can be in units of em, ex, in, pt, pc,
cm, mm, dd, cc, nd, nc, bp, or sp; but yours is a new one!
I'll assume that you meant to say pt, for printer's points.
To recover gracefully from this error, it's best to
delete the erroneous units; e.g., type `2' to delete
two letters. (See Chapter 27 of The TeXbook.)

! Illegal unit of measure (pt inserted).
<to be read again> 
                   .
l.287 ...bp, width=..48\textwidth]{chi_3d_phi.png}
                                                  
Dimensions can be in units of em, ex, in, pt, pc,
cm, mm, dd, cc, nd, nc, bp, or sp; but yours is a new one!
I'll assume that you meant to say pt, for printer's points.
To recover gracefully from this error, it's best to
delete the erroneous units; e.g., type `2' to delete
two letters. (See Chapter 27 of The TeXbook.)

! Missing number, treated as zero.
<to be read again> 
                   \relax 
l.287 ...bp, width=..48\textwidth]{chi_3d_phi.png}
                                                  
A number should have been here; I inserted `0'.
(If you can't figure out why I needed to see a number,
look up `weird error' in the index to The TeXbook.)

! Illegal unit of measure (pt inserted).
<to be read again> 
                   \relax 
l.287 ...bp, width=..48\textwidth]{chi_3d_phi.png}
                                                  
Dimensions can be in units of em, ex, in, pt, pc,
cm, mm, dd, cc, nd, nc, bp, or sp; but yours is a new one!
I'll assume that you meant to say pt, for printer's points.
To recover gracefully from this error, it's best to
delete the erroneous units; e.g., type `2' to delete
two letters. (See Chapter 27 of The TeXbook.)


LaTeX Warning: Reference `eq:lowMass' on page 11 undefined on input line 291.


LaTeX Warning: Reference `fig:chi_j_strange' on page 11 undefined on input line
 291.

[11]

LaTeX Warning: Reference `fig:chi_j_strange' on page 12 undefined on input line
 295.


LaTeX Warning: File `chi_3d_d.png' not found on input line 300.


! Package pdftex.def Error: File `chi_3d_d.png' not found.

See the pdftex.def package documentation for explanation.
Type  H <return>  for immediate help.
 ...                                              
                                                  
l.300 ...900bp, width=.48\textwidth]{chi_3d_d.png}
                                                  	 \hfill
Using draft setting for this image.
Try typing  <return>  to proceed.
If that doesn't work, type  X <return>  to quit.


LaTeX Warning: File `chi_3d_ds.png' not found on input line 301.


! Package pdftex.def Error: File `chi_3d_ds.png' not found.

See the pdftex.def package documentation for explanation.
Type  H <return>  for immediate help.
 ...                                              
                                                  
l.301 ...00bp, width=.48\textwidth]{chi_3d_ds.png}
                                                   \\
Using draft setting for this image.
Try typing  <return>  to proceed.
If that doesn't work, type  X <return>  to quit.


LaTeX Warning: File `chi_m_psi.png' not found on input line 302.


! Package pdftex.def Error: File `chi_m_psi.png' not found.

See the pdftex.def package documentation for explanation.
Type  H <return>  for immediate help.
 ...                                              
                                                  
l.302 ...00bp, width=.48\textwidth]{chi_m_psi.png}
                                                   \hfill
Using draft setting for this image.
Try typing  <return>  to proceed.
If that doesn't work, type  X <return>  to quit.


LaTeX Warning: File `chi_m_ups.png' not found on input line 303.


! Package pdftex.def Error: File `chi_m_ups.png' not found.

See the pdftex.def package documentation for explanation.
Type  H <return>  for immediate help.
 ...                                              
                                                  
l.303 ...00bp, width=.48\textwidth]{chi_m_ups.png}
                                                  
Using draft setting for this image.
Try typing  <return>  to proceed.
If that doesn't work, type  X <return>  to quit.


LaTeX Warning: Reference `fig:chi_j_heavy' on page 12 undefined on input line 3
09.


LaTeX Warning: Reference `fig:chi_j_heavy' on page 12 undefined on input line 3
18.


LaTeX Warning: File `multiFit_j.png' not found on input line 321.


! Package pdftex.def Error: File `multiFit_j.png' not found.

See the pdftex.def package documentation for explanation.
Type  H <return>  for immediate help.
 ...                                              
                                                  
l.321 ...0bp, width=.90\textwidth]{multiFit_j.png}
                                                  
Using draft setting for this image.
Try typing  <return>  to proceed.
If that doesn't work, type  X <return>  to quit.

[12] [13]
Underfull \vbox (badness 10000) has occurred while \output is active []

 [14]

LaTeX Warning: Reference `fig:multiFit_j' on page 15 undefined on input line 33
5.


LaTeX Warning: Reference `app:universal' on page 15 undefined on input line 335
.


LaTeX Warning: File `chi_3d_h1.png' not found on input line 348.


! Package pdftex.def Error: File `chi_3d_h1.png' not found.

See the pdftex.def package documentation for explanation.
Type  H <return>  for immediate help.
 ...                                              
                                                  
l.348 ...00bp, width=.48\textwidth]{chi_3d_h1.png}
                                                  	 \hfill
Using draft setting for this image.
Try typing  <return>  to proceed.
If that doesn't work, type  X <return>  to quit.


LaTeX Warning: File `chi_3d_omega1.png' not found on input line 349.


! Package pdftex.def Error: File `chi_3d_omega1.png' not found.

See the pdftex.def package documentation for explanation.
Type  H <return>  for immediate help.
 ...                                              
                                                  
l.349 ..., width=.48\textwidth]{chi_3d_omega1.png}
                                                  
Using draft setting for this image.
Try typing  <return>  to proceed.
If that doesn't work, type  X <return>  to quit.


LaTeX Warning: Reference `fig:chi_n_h1_omg' on page 15 undefined on input line 
355.


LaTeX Warning: File `chi_m_phi_n.png' not found on input line 361.


! Package pdftex.def Error: File `chi_m_phi_n.png' not found.

See the pdftex.def package documentation for explanation.
Type  H <return>  for immediate help.
 ...                                              
                                                  
l.361 ...bp, width=.48\textwidth]{chi_m_phi_n.png}
                                                  	 \hfill
Using draft setting for this image.
Try typing  <return>  to proceed.
If that doesn't work, type  X <return>  to quit.


LaTeX Warning: File `chi_3d_psi_n.png' not found on input line 362.


! Package pdftex.def Error: File `chi_3d_psi_n.png' not found.

See the pdftex.def package documentation for explanation.
Type  H <return>  for immediate help.
 ...                                              
                                                  
l.362 ...p, width=.48\textwidth]{chi_3d_psi_n.png}
                                                  
Using draft setting for this image.
Try typing  <return>  to proceed.
If that doesn't work, type  X <return>  to quit.

[15] [16]

LaTeX Warning: File `chi_3d_ups_n.png' not found on input line 380.


! Package pdftex.def Error: File `chi_3d_ups_n.png' not found.

See the pdftex.def package documentation for explanation.
Type  H <return>  for immediate help.
 ...                                              
                                                  
l.380 ...p, width=.48\textwidth]{chi_3d_ups_n.png}
                                                  	 \hfill
Using draft setting for this image.
Try typing  <return>  to proceed.
If that doesn't work, type  X <return>  to quit.


LaTeX Warning: File `chi_m_chib.png' not found on input line 381.


! Package pdftex.def Error: File `chi_m_chib.png' not found.

See the pdftex.def package documentation for explanation.
Type  H <return>  for immediate help.
 ...                                              
                                                  
l.381 ...0bp, width=.48\textwidth]{chi_m_chib.png}
                                                  
Using draft setting for this image.
Try typing  <return>  to proceed.
If that doesn't work, type  X <return>  to quit.

[17]

LaTeX Warning: File `chi_w_h1.png' not found on input line 393.


! Package pdftex.def Error: File `chi_w_h1.png' not found.

See the pdftex.def package documentation for explanation.
Type  H <return>  for immediate help.
 ...                                              
                                                  
l.393 ...900bp, width=.48\textwidth]{chi_w_h1.png}
                                                  	 \hfill
Using draft setting for this image.
Try typing  <return>  to proceed.
If that doesn't work, type  X <return>  to quit.


LaTeX Warning: File `chi_w_omega.png' not found on input line 394.


! Package pdftex.def Error: File `chi_w_omega.png' not found.

See the pdftex.def package documentation for explanation.
Type  H <return>  for immediate help.
 ...                                              
                                                  
l.394 ...bp, width=.48\textwidth]{chi_w_omega.png}
                                                  
Using draft setting for this image.
Try typing  <return>  to proceed.
If that doesn't work, type  X <return>  to quit.


LaTeX Warning: Reference `eq:massFitJ' on page 18 undefined on input line 398.


LaTeX Warning: Reference `eq:fitWKB' on page 18 undefined on input line 400.


LaTeX Warning: Reference `eq:fitWKB' on page 18 undefined on input line 402.


LaTeX Warning: File `chi_w_phi.png' not found on input line 405.


! Package pdftex.def Error: File `chi_w_phi.png' not found.

See the pdftex.def package documentation for explanation.
Type  H <return>  for immediate help.
 ...                                              
                                                  
l.405 ...00bp, width=.48\textwidth]{chi_w_phi.png}
                                                  	 \hfill
Using draft setting for this image.
Try typing  <return>  to proceed.
If that doesn't work, type  X <return>  to quit.


LaTeX Warning: File `chi_w_psi.png' not found on input line 406.


! Package pdftex.def Error: File `chi_w_psi.png' not found.

See the pdftex.def package documentation for explanation.
Type  H <return>  for immediate help.
 ...                                              
                                                  
l.406 ...00bp, width=.48\textwidth]{chi_w_psi.png}
                                                   \\
Using draft setting for this image.
Try typing  <return>  to proceed.
If that doesn't work, type  X <return>  to quit.


LaTeX Warning: File `chi_w_upsilon.png' not found on input line 407.


! Package pdftex.def Error: File `chi_w_upsilon.png' not found.

See the pdftex.def package documentation for explanation.
Type  H <return>  for immediate help.
 ...                                              
                                                  
l.407 ..., width=.48\textwidth]{chi_w_upsilon.png}
                                                  	 \hfill
Using draft setting for this image.
Try typing  <return>  to proceed.
If that doesn't work, type  X <return>  to quit.


LaTeX Warning: File `chi_w_chib.png' not found on input line 408.


! Package pdftex.def Error: File `chi_w_chib.png' not found.

See the pdftex.def package documentation for explanation.
Type  H <return>  for immediate help.
 ...                                              
                                                  
l.408 ...0bp, width=.48\textwidth]{chi_w_chib.png}
                                                  
Using draft setting for this image.
Try typing  <return>  to proceed.
If that doesn't work, type  X <return>  to quit.


LaTeX Warning: Reference `eq:highMass' on page 18 undefined on input line 412.


LaTeX Warning: Reference `eq:highMassW' on page 18 undefined on input line 412.


[18]

LaTeX Warning: Reference `fig:chi_w_ud' on page 19 undefined on input line 414.



Underfull \vbox (badness 10000) has occurred while \output is active []

 [19]

LaTeX Warning: Reference `fig:chi_w_scb' on page 20 undefined on input line 416
.


LaTeX Warning: Reference `tab:mes_j' on page 20 undefined on input line 420.


LaTeX Warning: Reference `tab:mes_n' on page 20 undefined on input line 420.


LaTeX Warning: Reference `tab:mes_w' on page 20 undefined on input line 420.


Overfull \hbox (33.14502pt too wide) in paragraph at lines 451--469
 [][] 
 []


Overfull \hbox (50.1784pt too wide) in paragraph at lines 474--492
 [][] 
 []

[20] [21]

LaTeX Warning: Reference `tab:l_vs_j' on page 22 undefined on input line 497.


LaTeX Warning: Reference `eq:massFitJ' on page 22 undefined on input line 497.


LaTeX Warning: Reference `tab:mes_j' on page 22 undefined on input line 527.


LaTeX Warning: Reference `tab:mes_w' on page 22 undefined on input line 527.


LaTeX Warning: Reference `tab:mes_j' on page 22 undefined on input line 527.


LaTeX Warning: Reference `tab:mes_w' on page 22 undefined on input line 527.


Package natbib Warning: Citation `Aharony:2013ipa' on page 22 undefined on inpu
t line 531.


LaTeX Warning: Reference `eq:massFitE' on page 22 undefined on input line 533.


LaTeX Warning: Reference `eq:boundaryTwo' on page 22 undefined on input line 53
3.


LaTeX Warning: Reference `eq:boundaryTwo' on page 22 undefined on input line 53
3.


LaTeX Warning: Reference `tab:lengths' on page 22 undefined on input line 537.

[22

]

LaTeX Warning: Reference `tab:mes_j' on page 23 undefined on input line 565.


LaTeX Warning: Reference `tab:mes_j' on page 23 undefined on input line 565.

[23]

LaTeX Warning: Reference `sec:universal' on page 24 undefined on input line 590
.


Underfull \vbox (badness 1721) has occurred while \output is active []

 [24]

LaTeX Warning: Reference `tab:lengths' on page 25 undefined on input line 599.


Package natbib Warning: Citation `AHSY' on page 25 undefined on input line 608.


[25]

Package natbib Warning: Citation `Hellerman:2013kba' on page 26 undefined on in
put line 638.


Package natbib Warning: Citation `AHSY' on page 26 undefined on input line 638.



Package natbib Warning: Citation `Peeters:2005fq' on page 26 undefined on input
 line 646.


Package natbib Warning: Citation `oai:arXiv.org:hep-th/0311190' on page 26 unde
fined on input line 650.

[26] [27]

Package natbib Warning: Citation `PDG:2012' on page 28 undefined on input line 
721.


Package natbib Warning: Citation `Collins:book' on page 28 undefined on input l
ine 721.


Package natbib Warning: Citation `Eichten:2007qx' on page 28 undefined on input
 line 721.


Package natbib Warning: Citation `Brambilla:2010cs' on page 28 undefined on inp
ut line 721.


Package natbib Warning: Citation `Anisovich:2000kxa' on page 28 undefined on in
put line 723.


Package natbib Warning: Citation `Gershtein:2006ng' on page 28 undefined on inp
ut line 723.


Package natbib Warning: Citation `Ebert:2009ub' on page 28 undefined on input l
ine 723.


Package natbib Warning: Citation `Ebert:2009ua' on page 28 undefined on input l
ine 723.


Package natbib Warning: Citation `Ebert:2011jc' on page 28 undefined on input l
ine 723.

[28

]

LaTeX Warning: Reference `tab:states_j' on page 29 undefined on input line 725.



LaTeX Warning: Reference `tab:states_n' on page 29 undefined on input line 725.


[29]

Package natbib Warning: Citation `Aaij:2013sza' on page 30 undefined on input l
ine 740.


Package natbib Warning: Citation `Wang:2013tka' on page 30 undefined on input l
ine 740.


Package natbib Warning: Citation `Eichten:2007qx' on page 30 undefined on input
 line 742.

[30] [31]

LaTeX Warning: Reference `fig:pi_rho' on page 32 undefined on input line 822.


Underfull \vbox (badness 1199) has occurred while \output is active []

 [32]

LaTeX Warning: Reference `fig:pi_rho' on page 33 undefined on input line 828.


LaTeX Warning: File `mes_j_pi.png' not found on input line 835.


! Package pdftex.def Error: File `mes_j_pi.png' not found.

See the pdftex.def package documentation for explanation.
Type  H <return>  for immediate help.
 ...                                              
                                                  
l.835 ...900bp, width=.48\textwidth]{mes_j_pi.png}
                                                  	 \hfill
Using draft setting for this image.
Try typing  <return>  to proceed.
If that doesn't work, type  X <return>  to quit.


LaTeX Warning: File `mes_j_rho.png' not found on input line 836.


! Package pdftex.def Error: File `mes_j_rho.png' not found.

See the pdftex.def package documentation for explanation.
Type  H <return>  for immediate help.
 ...                                              
                                                  
l.836 ...00bp, width=.48\textwidth]{mes_j_rho.png}
                                                  
Using draft setting for this image.
Try typing  <return>  to proceed.
If that doesn't work, type  X <return>  to quit.


LaTeX Warning: Reference `fig:eta_omega' on page 33 undefined on input line 840
.


LaTeX Warning: Reference `fig:eta_omega' on page 33 undefined on input line 846
.


LaTeX Warning: File `mes_j_eta.png' not found on input line 851.


! Package pdftex.def Error: File `mes_j_eta.png' not found.

See the pdftex.def package documentation for explanation.
Type  H <return>  for immediate help.
 ...                                              
                                                  
l.851 ...00bp, width=.48\textwidth]{mes_j_eta.png}
                                                  	 \hfill
Using draft setting for this image.
Try typing  <return>  to proceed.
If that doesn't work, type  X <return>  to quit.


LaTeX Warning: File `mes_j_omega.png' not found on input line 852.


! Package pdftex.def Error: File `mes_j_omega.png' not found.

See the pdftex.def package documentation for explanation.
Type  H <return>  for immediate help.
 ...                                              
                                                  
l.852 ...bp, width=.48\textwidth]{mes_j_omega.png}
                                                  
Using draft setting for this image.
Try typing  <return>  to proceed.
If that doesn't work, type  X <return>  to quit.

[33]

LaTeX Warning: Reference `fig:k_phi' on page 34 undefined on input line 857.

[34]

LaTeX Warning: File `mes_j_k.png' not found on input line 868.


! Package pdftex.def Error: File `mes_j_k.png' not found.

See the pdftex.def package documentation for explanation.
Type  H <return>  for immediate help.
 ...                                              
                                                  
l.868 ...=900bp, width=.48\textwidth]{mes_j_k.png}
                                                  	 \hfill
Using draft setting for this image.
Try typing  <return>  to proceed.
If that doesn't work, type  X <return>  to quit.


LaTeX Warning: File `mes_j_phi.png' not found on input line 869.


! Package pdftex.def Error: File `mes_j_phi.png' not found.

See the pdftex.def package documentation for explanation.
Type  H <return>  for immediate help.
 ...                                              
                                                  
l.869 ...00bp, width=.48\textwidth]{mes_j_phi.png}
                                                  
Using draft setting for this image.
Try typing  <return>  to proceed.
If that doesn't work, type  X <return>  to quit.


LaTeX Warning: Reference `fig:k_phi' on page 35 undefined on input line 873.


LaTeX Warning: Reference `fig:d_ds' on page 35 undefined on input line 882.


Package natbib Warning: Citation `Aaij:2013sza' on page 35 undefined on input l
ine 882.


Package natbib Warning: Citation `Wang:2013tka' on page 35 undefined on input l
ine 882.

[35]

LaTeX Warning: File `mes_j_d.png' not found on input line 894.


! Package pdftex.def Error: File `mes_j_d.png' not found.

See the pdftex.def package documentation for explanation.
Type  H <return>  for immediate help.
 ...                                              
                                                  
l.894 ...=900bp, width=.48\textwidth]{mes_j_d.png}
                                                  	 \hfill
Using draft setting for this image.
Try typing  <return>  to proceed.
If that doesn't work, type  X <return>  to quit.


LaTeX Warning: File `mes_j_ds.png' not found on input line 895.


! Package pdftex.def Error: File `mes_j_ds.png' not found.

See the pdftex.def package documentation for explanation.
Type  H <return>  for immediate help.
 ...                                              
                                                  
l.895 ...900bp, width=.48\textwidth]{mes_j_ds.png}
                                                  
Using draft setting for this image.
Try typing  <return>  to proceed.
If that doesn't work, type  X <return>  to quit.


LaTeX Warning: Reference `fig:d_ds' on page 36 undefined on input line 899.

[36]

LaTeX Warning: File `mes_j_psi.png' not found on input line 910.


! Package pdftex.def Error: File `mes_j_psi.png' not found.

See the pdftex.def package documentation for explanation.
Type  H <return>  for immediate help.
 ...                                              
                                                  
l.910 ...00bp, width=.48\textwidth]{mes_j_psi.png}
                                                  	 \hfill
Using draft setting for this image.
Try typing  <return>  to proceed.
If that doesn't work, type  X <return>  to quit.


LaTeX Warning: File `mes_j_ups.png' not found on input line 911.


! Package pdftex.def Error: File `mes_j_ups.png' not found.

See the pdftex.def package documentation for explanation.
Type  H <return>  for immediate help.
 ...                                              
                                                  
l.911 ...00bp, width=.48\textwidth]{mes_j_ups.png}
                                                  	 \hfill
Using draft setting for this image.
Try typing  <return>  to proceed.
If that doesn't work, type  X <return>  to quit.


LaTeX Warning: Reference `fig:psi_ups' on page 37 undefined on input line 915.


Package natbib Warning: Citation `Eichten:2007qx' on page 37 undefined on input
 line 915.

[37]

LaTeX Warning: Reference `fig:psi_ups' on page 38 undefined on input line 924.

[38]

LaTeX Warning: Reference `fig:pi_a1' on page 39 undefined on input line 933.


LaTeX Warning: File `mes_n_pi.png' not found on input line 936.


! Package pdftex.def Error: File `mes_n_pi.png' not found.

See the pdftex.def package documentation for explanation.
Type  H <return>  for immediate help.
 ...                                              
                                                  
l.936 ...900bp, width=.48\textwidth]{mes_n_pi.png}
                                                  	 \hfill
Using draft setting for this image.
Try typing  <return>  to proceed.
If that doesn't work, type  X <return>  to quit.


LaTeX Warning: File `mes_n_a1.png' not found on input line 937.


! Package pdftex.def Error: File `mes_n_a1.png' not found.

See the pdftex.def package documentation for explanation.
Type  H <return>  for immediate help.
 ...                                              
                                                  
l.937 ...900bp, width=.48\textwidth]{mes_n_a1.png}
                                                  
Using draft setting for this image.
Try typing  <return>  to proceed.
If that doesn't work, type  X <return>  to quit.

[39]

LaTeX Warning: Reference `fig:pi_a1' on page 40 undefined on input line 954.


LaTeX Warning: File `mes_n_h1.png' not found on input line 966.


! Package pdftex.def Error: File `mes_n_h1.png' not found.

See the pdftex.def package documentation for explanation.
Type  H <return>  for immediate help.
 ...                                              
                                                  
l.966 ...900bp, width=.48\textwidth]{mes_n_h1.png}
                                                  	 \hfill
Using draft setting for this image.
Try typing  <return>  to proceed.
If that doesn't work, type  X <return>  to quit.


LaTeX Warning: File `mes_n_omega.png' not found on input line 967.


! Package pdftex.def Error: File `mes_n_omega.png' not found.

See the pdftex.def package documentation for explanation.
Type  H <return>  for immediate help.
 ...                                              
                                                  
l.967 ...bp, width=.48\textwidth]{mes_n_omega.png}
                                                  
Using draft setting for this image.
Try typing  <return>  to proceed.
If that doesn't work, type  X <return>  to quit.


LaTeX Warning: Reference `fig:h1_omega' on page 40 undefined on input line 970.



Overfull \hbox (34.45209pt too wide) in paragraph at lines 970--971
 []$\OML/cmm/m/it/10.95 I \OT1/cmr/m/n/10.95 = 0$\OT1/cmr/bx/n/10.95 . The $\OM
L/cmm/m/it/10.95 h[]$ \OT1/cmr/bx/n/10.95 tra-jec-tory:[] \OT1/cmr/m/n/10.95 In
 fig-ure ([]) we have the states $\OML/cmm/m/it/10.95 h[]\OT1/cmr/m/n/10.95 (11
70)\OML/cmm/m/it/10.95 ; h[]\OT1/cmr/m/n/10.95 (1595)\OML/cmm/m/it/10.95 ; h[]\
OT1/cmr/m/n/10.95 (1965)\OML/cmm/m/it/10.95 ; h[]\OT1/cmr/m/n/10.95 (2215)$.
 []


LaTeX Warning: Reference `fig:h1_omega' on page 40 undefined on input line 978.



Overfull \hbox (18.0159pt too wide) in paragraph at lines 978--980
 []$\OML/cmm/m/it/10.95 I \OT1/cmr/m/n/10.95 = 0$\OT1/cmr/bx/n/10.95 . The $\OM
L/cmm/m/it/10.95 !$ \OT1/cmr/bx/n/10.95 tra-jec-to-ries:[] \OT1/cmr/m/n/10.95 A
lso in fig-ure ([]) are the states $\OML/cmm/m/it/10.95 !\OT1/cmr/m/n/10.95 (78
2)\OML/cmm/m/it/10.95 ; !\OT1/cmr/m/n/10.95 (1420)\OML/cmm/m/it/10.95 ; !\OT1/c
mr/m/n/10.95 (1650)\OML/cmm/m/it/10.95 ; !\OT1/cmr/m/n/10.95 (1960)$,
 []

[40]

LaTeX Warning: File `mes_n_phi.png' not found on input line 999.


! Package pdftex.def Error: File `mes_n_phi.png' not found.

See the pdftex.def package documentation for explanation.
Type  H <return>  for immediate help.
 ...                                              
                                                  
l.999 ...00bp, width=.48\textwidth]{mes_n_phi.png}
                                                  	 \hfill
Using draft setting for this image.
Try typing  <return>  to proceed.
If that doesn't work, type  X <return>  to quit.


LaTeX Warning: File `mes_n_psi.png' not found on input line 1000.


! Package pdftex.def Error: File `mes_n_psi.png' not found.

See the pdftex.def package documentation for explanation.
Type  H <return>  for immediate help.
 ...                                              
                                                  
l.1000 ...0bp, width=.48\textwidth]{mes_n_psi.png}
                                                  
Using draft setting for this image.
Try typing  <return>  to proceed.
If that doesn't work, type  X <return>  to quit.

[41]

LaTeX Warning: Reference `fig:phi_psi' on page 42 undefined on input line 1006.


[42]

LaTeX Warning: Reference `fig:phi_psi' on page 43 undefined on input line 1024.



LaTeX Warning: File `mes_n_upsilon.png' not found on input line 1032.


! Package pdftex.def Error: File `mes_n_upsilon.png' not found.

See the pdftex.def package documentation for explanation.
Type  H <return>  for immediate help.
 ...                                              
                                                  
l.1032 ... width=.48\textwidth]{mes_n_upsilon.png}
                                                  	 \hfill
Using draft setting for this image.
Try typing  <return>  to proceed.
If that doesn't work, type  X <return>  to quit.


LaTeX Warning: File `mes_n_chib.png' not found on input line 1033.


! Package pdftex.def Error: File `mes_n_chib.png' not found.

See the pdftex.def package documentation for explanation.
Type  H <return>  for immediate help.
 ...                                              
                                                  
l.1033 ...bp, width=.48\textwidth]{mes_n_chib.png}
                                                  
Using draft setting for this image.
Try typing  <return>  to proceed.
If that doesn't work, type  X <return>  to quit.


LaTeX Warning: Reference `fig:ups_chib' on page 43 undefined on input line 1039
.


LaTeX Warning: Reference `fig:ups_chib' on page 43 undefined on input line 1049
.

[43]

LaTeX Warning: Reference `fig:wkb_light' on page 44 undefined on input line 105
7.


LaTeX Warning: Reference `fig:wkb_heavy' on page 44 undefined on input line 105
7.


LaTeX Warning: File `mes_w_pi.png' not found on input line 1060.


! Package pdftex.def Error: File `mes_w_pi.png' not found.

See the pdftex.def package documentation for explanation.
Type  H <return>  for immediate help.
 ...                                              
                                                  
l.1060 ...00bp, width=.48\textwidth]{mes_w_pi.png}
                                                  	 \hfill
Using draft setting for this image.
Try typing  <return>  to proceed.
If that doesn't work, type  X <return>  to quit.


LaTeX Warning: File `mes_w_a1.png' not found on input line 1061.


! Package pdftex.def Error: File `mes_w_a1.png' not found.

See the pdftex.def package documentation for explanation.
Type  H <return>  for immediate help.
 ...                                              
                                                  
l.1061 ...00bp, width=.48\textwidth]{mes_w_a1.png}
                                                   \\
Using draft setting for this image.
Try typing  <return>  to proceed.
If that doesn't work, type  X <return>  to quit.


LaTeX Warning: File `mes_w_h1.png' not found on input line 1062.


! Package pdftex.def Error: File `mes_w_h1.png' not found.

See the pdftex.def package documentation for explanation.
Type  H <return>  for immediate help.
 ...                                              
                                                  
l.1062 ...00bp, width=.48\textwidth]{mes_w_h1.png}
                                                  	 \hfill
Using draft setting for this image.
Try typing  <return>  to proceed.
If that doesn't work, type  X <return>  to quit.


LaTeX Warning: File `mes_w_omega.png' not found on input line 1063.


! Package pdftex.def Error: File `mes_w_omega.png' not found.

See the pdftex.def package documentation for explanation.
Type  H <return>  for immediate help.
 ...                                              
                                                  
l.1063 ...p, width=.48\textwidth]{mes_w_omega.png}
                                                   \\
Using draft setting for this image.
Try typing  <return>  to proceed.
If that doesn't work, type  X <return>  to quit.


LaTeX Warning: File `mes_w_phi.png' not found on input line 1068.


! Package pdftex.def Error: File `mes_w_phi.png' not found.

See the pdftex.def package documentation for explanation.
Type  H <return>  for immediate help.
 ...                                              
                                                  
l.1068 ...0bp, width=.48\textwidth]{mes_w_phi.png}
                                                  	 \hfill
Using draft setting for this image.
Try typing  <return>  to proceed.
If that doesn't work, type  X <return>  to quit.


LaTeX Warning: File `mes_w_psi.png' not found on input line 1069.


! Package pdftex.def Error: File `mes_w_psi.png' not found.

See the pdftex.def package documentation for explanation.
Type  H <return>  for immediate help.
 ...                                              
                                                  
l.1069 ...0bp, width=.48\textwidth]{mes_w_psi.png}
                                                   \\
Using draft setting for this image.
Try typing  <return>  to proceed.
If that doesn't work, type  X <return>  to quit.


LaTeX Warning: File `mes_w_upsilon.png' not found on input line 1070.


! Package pdftex.def Error: File `mes_w_upsilon.png' not found.

See the pdftex.def package documentation for explanation.
Type  H <return>  for immediate help.
 ...                                              
                                                  
l.1070 ... width=.48\textwidth]{mes_w_upsilon.png}
                                                  	 \hfill
Using draft setting for this image.
Try typing  <return>  to proceed.
If that doesn't work, type  X <return>  to quit.


LaTeX Warning: File `mes_w_chib.png' not found on input line 1071.


! Package pdftex.def Error: File `mes_w_chib.png' not found.

See the pdftex.def package documentation for explanation.
Type  H <return>  for immediate help.
 ...                                              
                                                  
l.1071 ...bp, width=.48\textwidth]{mes_w_chib.png}
                                                   \\
Using draft setting for this image.
Try typing  <return>  to proceed.
If that doesn't work, type  X <return>  to quit.

[44] [45] [46]

LaTeX Warning: Reference `tab:universal_masses' on page 47 undefined on input l
ine 1077.


LaTeX Warning: Reference `sec:universal' on page 47 undefined on input line 107
7.


LaTeX Warning: Reference `fig:multiFit_j' on page 47 undefined on input line 10
77.


LaTeX Warning: Reference `tab:mes_j' on page 47 undefined on input line 1136.


LaTeX Warning: Reference `tab:mes_n' on page 47 undefined on input line 1136.


LaTeX Warning: Reference `tab:predictions' on page 47 undefined on input line 1
138.


LaTeX Warning: Reference `tab:predictions_n' on page 47 undefined on input line
 1138.


LaTeX Warning: Reference `tab:mes_j' on page 47 undefined on input line 1164.


LaTeX Warning: Reference `tab:mes_j' on page 47 undefined on input line 1164.


LaTeX Warning: Reference `tab:mes_n' on page 47 undefined on input line 1195.


LaTeX Warning: Reference `tab:mes_n' on page 47 undefined on input line 1195.

[47

] [48]
No file "Spectrum - Revised".bbl.

Package natbib Warning: There were undefined citations.

Package atveryend Info: Empty hook `BeforeClearDocument' on input line 1205.
Package atveryend Info: Empty hook `AfterLastShipout' on input line 1205.
(./Spectrum - Revised.aux)
Package atveryend Info: Executing hook `AtVeryEndDocument' on input line 1205.
Package atveryend Info: Executing hook `AtEndAfterFileList' on input line 1205.



Package rerunfilecheck Warning: File `"Spectrum - Revised".out' has changed.
(rerunfilecheck)                Rerun to get outlines right
(rerunfilecheck)                or use package `bookmark'.

Package rerunfilecheck Info: Checksums for `"Spectrum - Revised".out':
(rerunfilecheck)             Before: <no file>
(rerunfilecheck)             After:  3732FBA39C1EA341DFE2B922CEB8A098;3041.

LaTeX Warning: There were undefined references.


LaTeX Warning: Label(s) may have changed. Rerun to get cross-references right.

Package atveryend Info: Empty hook `AtVeryVeryEnd' on input line 1205.
 ) 
Here is how much of TeX's memory you used:
 6846 strings out of 494985
 96289 string characters out of 6180356
 200456 words of memory out of 5000000
 9739 multiletter control sequences out of 15000+600000
 16360 words of font info for 61 fonts, out of 8000000 for 9000
 36 hyphenation exceptions out of 8191
 41i,11n,30p,5833b,389s stack positions out of 5000i,500n,10000p,200000b,80000s
</usr/share/texlive/texmf-dist/fonts/type1/public/amsfonts/cm/cmbx10.pfb></us
r/share/texlive/texmf-dist/fonts/type1/public/amsfonts/cm/cmbx12.pfb></usr/shar
e/texlive/texmf-dist/fonts/type1/public/amsfonts/cm/cmbx9.pfb></usr/share/texli
ve/texmf-dist/fonts/type1/public/amsfonts/cm/cmcsc10.pfb></usr/share/texlive/te
xmf-dist/fonts/type1/public/amsfonts/cm/cmex10.pfb></usr/share/texlive/texmf-di
st/fonts/type1/public/amsfonts/cm/cmmi10.pfb></usr/share/texlive/texmf-dist/fon
ts/type1/public/amsfonts/cm/cmmi6.pfb></usr/share/texlive/texmf-dist/fonts/type
1/public/amsfonts/cm/cmmi7.pfb></usr/share/texlive/texmf-dist/fonts/type1/publi
c/amsfonts/cm/cmmi8.pfb></usr/share/texlive/texmf-dist/fonts/type1/public/amsfo
nts/cm/cmmi9.pfb></usr/share/texlive/texmf-dist/fonts/type1/public/amsfonts/cm/
cmr10.pfb></usr/share/texlive/texmf-dist/fonts/type1/public/amsfonts/cm/cmr6.pf
b></usr/share/texlive/texmf-dist/fonts/type1/public/amsfonts/cm/cmr7.pfb></usr/
share/texlive/texmf-dist/fonts/type1/public/amsfonts/cm/cmr8.pfb></usr/share/te
xlive/texmf-dist/fonts/type1/public/amsfonts/cm/cmr9.pfb></usr/share/texlive/te
xmf-dist/fonts/type1/public/amsfonts/cm/cmssbx10.pfb></usr/share/texlive/texmf-
dist/fonts/type1/public/amsfonts/cm/cmsy10.pfb></usr/share/texlive/texmf-dist/f
onts/type1/public/amsfonts/cm/cmsy6.pfb></usr/share/texlive/texmf-dist/fonts/ty
pe1/public/amsfonts/cm/cmsy7.pfb></usr/share/texlive/texmf-dist/fonts/type1/pub
lic/amsfonts/cm/cmsy8.pfb></usr/share/texlive/texmf-dist/fonts/type1/public/ams
fonts/cm/cmsy9.pfb></usr/share/texlive/texmf-dist/fonts/type1/public/amsfonts/c
m/cmti10.pfb></usr/share/texlive/texmf-dist/fonts/type1/public/amsfonts/cm/cmtt
10.pfb>
Output written on "Spectrum - Revised.pdf" (49 pages, 479141 bytes).
PDF statistics:
 502 PDF objects out of 1000 (max. 8388607)
 196 named destinations out of 1000 (max. 500000)
 1 words of extra memory for PDF output out of 10000 (max. 10000000)

