\BOOKMARK [1][-]{section.1}{Introduction}{}% 1
\BOOKMARK [2][-]{subsection.1.1}{Confinement and Regge Trajectories}{section.1}% 2
\BOOKMARK [2][-]{subsection.1.2}{Confining Backgrounds}{section.1}% 3
\BOOKMARK [3][-]{subsubsection.1.2.1}{Stringy Wilson Loop}{subsection.1.2}% 4
\BOOKMARK [3][-]{subsubsection.1.2.2}{From Wilson Lines To Dynamical Mesons}{subsection.1.2}% 5
\BOOKMARK [2][-]{subsection.1.3}{Spinning Holographic Strings}{section.1}% 6
\BOOKMARK [1][-]{section.2}{Charged Holographic Strings}{}% 7
\BOOKMARK [2][-]{subsection.2.1}{The Action}{section.2}% 8
\BOOKMARK [2][-]{subsection.2.2}{Spinning String Ansatz}{section.2}% 9
\BOOKMARK [2][-]{subsection.2.3}{Electromagnetic Fields}{section.2}% 10
\BOOKMARK [2][-]{subsection.2.4}{Equations of Motion}{section.2}% 11
\BOOKMARK [3][-]{subsubsection.2.4.1}{Combining Fields and Point Particles}{subsection.2.4}% 12
\BOOKMARK [3][-]{subsubsection.2.4.2}{Boundary Equations}{subsection.2.4}% 13
\BOOKMARK [3][-]{subsubsection.2.4.3}{String Equations}{subsection.2.4}% 14
\BOOKMARK [2][-]{subsection.2.5}{Energy}{section.2}% 15
\BOOKMARK [2][-]{subsection.2.6}{Angular Momentum}{section.2}% 16
\BOOKMARK [2][-]{subsection.2.7}{Regge Trajectories and the Regge Intercept}{section.2}% 17
\BOOKMARK [3][-]{subsubsection.2.7.1}{Casimir Energy Prescription}{subsection.2.7}% 18
\BOOKMARK [3][-]{subsubsection.2.7.2}{Light Quark Limit}{subsection.2.7}% 19
\BOOKMARK [3][-]{subsubsection.2.7.3}{Heavy Quark Limit}{subsection.2.7}% 20
\BOOKMARK [2][-]{subsection.2.8}{Mass Differences}{section.2}% 21
\BOOKMARK [1][-]{section.3}{Confronting with PDG Data}{}% 22
\BOOKMARK [2][-]{subsection.3.1}{Regge Trajectories}{section.3}% 23
\BOOKMARK [2][-]{subsection.3.2}{Mass Differences}{section.3}% 24
\BOOKMARK [1][-]{section.4}{Conclusions}{}% 25
\BOOKMARK [1][-]{section.5}{Appendices}{}% 26
\BOOKMARK [2][-]{subsection.5.1}{Conventions}{section.5}% 27
\BOOKMARK [2][-]{subsection.5.2}{Taking The Nonrelativistic Limit}{section.5}% 28
\BOOKMARK [2][-]{subsection.5.3}{Obtaining Analytic Trajectories}{section.5}% 29
\BOOKMARK [3][-]{subsubsection.5.3.1}{Relativistic Limit}{subsection.5.3}% 30
\BOOKMARK [3][-]{subsubsection.5.3.2}{Non Relativistic Limit}{subsection.5.3}% 31
\BOOKMARK [2][-]{subsection.5.4}{Mass Difference Code}{section.5}% 32
